#-----------------------------------------------------------
# Vivado v2018.3 (64-bit)
# SW Build 2405991 on Thu Dec  6 23:38:27 MST 2018
# IP Build 2404404 on Fri Dec  7 01:43:56 MST 2018
# Start of session at: Mon Jan 30 16:08:23 2023
# Process ID: 4156
# Current directory: C:/Users/tabatalab/OneDrive/GitHub/FPGA_demos/led/FPGA
# Command line: vivado.exe -gui_launcher_event rodinguilauncherevent10632 C:\Users\tabatalab\OneDrive\GitHub\FPGA_demos\led\FPGA\project_1.xpr
# Log file: C:/Users/tabatalab/OneDrive/GitHub/FPGA_demos/led/FPGA/vivado.log
# Journal file: C:/Users/tabatalab/OneDrive/GitHub/FPGA_demos/led/FPGA\vivado.jou
#-----------------------------------------------------------
start_gui
open_project C:/Users/tabatalab/OneDrive/GitHub/FPGA_demos/led/FPGA/project_1.xpr
INFO: [Project 1-313] Project file moved from 'C:/Users/chuan/OneDrive - The University of Tokyo/GitHub/FPGA_demos/led' since last save.
Scanning sources...
Finished scanning sources
INFO: [IP_Flow 19-234] Refreshing IP repositories
INFO: [IP_Flow 19-1704] No user IP repositories specified
INFO: [IP_Flow 19-2313] Loaded Vivado IP repository 'C:/Xilinx/Vivado/2018.3/data/ip'.
open_project: Time (s): cpu = 00:00:26 ; elapsed = 00:00:20 . Memory (MB): peak = 723.676 ; gain = 128.984
update_compile_order -fileset sources_1
exit
INFO: [Common 17-206] Exiting Vivado at Mon Jan 30 16:29:33 2023...
